<?xml version="1.0" encoding="UTF-8"?>
<!-- Generated by org.testng.reporters.JUnitReportReporter -->
<testsuite skipped="0" hostname="DESKTOP-IPLS50H" name="com.Translate.Translate" tests="1" failures="0" timestamp="2023-05-20T13:48:26 IST" time="53.558" errors="0">
  <testcase name="drivenData" time="53.558" classname="com.Translate.Translate"/>
  <system-out/>
</testsuite> <!-- com.Translate.Translate -->
